0 info it worked if it ends with ok
1 verbose cli [ '/usr/bin/node', '/usr/bin/npm', 'publish' ]
2 info using npm@3.3.5
3 info using node@v4.1.2
4 verbose publish [ '.' ]
5 silly cache add args [ '.', null ]
6 verbose cache add spec .
7 silly cache add parsed spec Result {
7 silly cache add   raw: '.',
7 silly cache add   scope: null,
7 silly cache add   name: null,
7 silly cache add   rawSpec: '.',
7 silly cache add   spec: '/home/philipp/work/logging-factory',
7 silly cache add   type: 'directory' }
8 verbose addLocalDirectory /home/philipp/.npm/logging-factory/0.0.1/package.tgz not in flight; packing
9 info lifecycle logging-factory@0.0.1~prepublish: logging-factory@0.0.1
10 silly lifecycle logging-factory@0.0.1~prepublish: no script for prepublish, continuing
11 verbose tar pack [ '/home/philipp/.npm/logging-factory/0.0.1/package.tgz',
11 verbose tar pack   '/home/philipp/work/logging-factory' ]
12 verbose tarball /home/philipp/.npm/logging-factory/0.0.1/package.tgz
13 verbose folder /home/philipp/work/logging-factory
14 verbose addLocalTarball adding from inside cache /home/philipp/.npm/logging-factory/0.0.1/package.tgz
15 silly cache afterAdd logging-factory@0.0.1
16 verbose afterAdd /home/philipp/.npm/logging-factory/0.0.1/package/package.json not in flight; writing
17 verbose afterAdd /home/philipp/.npm/logging-factory/0.0.1/package/package.json written
18 silly publish { name: 'logging-factory',
18 silly publish   version: '0.0.1',
18 silly publish   description: 'A factory wrapping around tracer to facilitate handling of logging to a log file and replacing the standard \'console.XXX\' print functions with those from tracer.',
18 silly publish   main: 'index.js',
18 silly publish   scripts: { test: 'echo "Error: no test specified" && exit 1' },
18 silly publish   repository:
18 silly publish    { type: 'git',
18 silly publish      url: 'git+https://github.com/popsUlfr/logging-factory.git' },
18 silly publish   keywords: [ 'log', 'logging', 'server', 'tracer', 'colors', 'console' ],
18 silly publish   author:
18 silly publish    { name: 'Philipp Richter',
18 silly publish      email: 'richterphilipp.pops@gmail.com',
18 silly publish      url: 'https://github.com/popsulfr' },
18 silly publish   license: 'MIT',
18 silly publish   bugs: { url: 'https://github.com/popsUlfr/logging-factory/issues' },
18 silly publish   homepage: 'https://github.com/popsUlfr/logging-factory#readme',
18 silly publish   dependencies: { colors: '^1.1.2', tracer: '^0.8.0' },
18 silly publish   readme: '#logging-factory\n===========\n\nA factory wrapping around tracer to facilitate handling of logging to a log file and replacing the standard \'console.XXX\' print functions with those from tracer.\n\n## Installation\n-----\n```javascript\nnpm install logging-factory --save\n```\n\n## Usage\n-----\n```javascript\nvar LF = require(\'logging-factory\')({level:\'info\',color:true,file:\'mylog.log\'});\n\nlevel : a log level compatible with tracer -> [ \'log\', \'trace\', \'debug\', \'info\', \'warn\', \'error\' ]\ncolor : boolean to set of you want colors (colors are removed from lines outputted to a log file)\nfile  : a file to log to\n\nNow \'console.XXX\' functions are replaced with thos from tracer.\nThey are also accessible through global variable \'LOGGER\'\n\nTh returned object has a close function in case the process handlers are being called.\n```\n\n## Release History\n-----\n\n* 0.0.2 Add close handler\n* 0.0.1 Initial Release\n',
18 silly publish   readmeFilename: 'README.md',
18 silly publish   gitHead: '45d5d75bd2ce7ddae1b90b03d884590505e75686',
18 silly publish   _id: 'logging-factory@0.0.1',
18 silly publish   _shasum: '1d38ff04f446a5cfbca70c5a09fb5e38327a1a6d',
18 silly publish   _from: '.' }
19 verbose getPublishConfig undefined
20 silly mapToRegistry name logging-factory
21 silly mapToRegistry using default registry
22 silly mapToRegistry registry https://registry.npmjs.org/
23 silly mapToRegistry uri https://registry.npmjs.org/logging-factory
24 verbose publish registryBase https://registry.npmjs.org/
25 silly publish uploading /home/philipp/.npm/logging-factory/0.0.1/package.tgz
26 verbose request uri https://registry.npmjs.org/logging-factory
27 verbose request sending authorization for write operation
28 info attempt registry request try #1 at 15:54:00
29 verbose request using bearer token for auth
30 verbose request id e104a0331ee566e3
31 http request PUT https://registry.npmjs.org/logging-factory
32 http 403 https://registry.npmjs.org/logging-factory
33 verbose headers { 'content-type': 'application/json',
33 verbose headers   'cache-control': 'max-age=60',
33 verbose headers   'content-length': '95',
33 verbose headers   'accept-ranges': 'bytes',
33 verbose headers   date: 'Thu, 08 Oct 2015 13:54:01 GMT',
33 verbose headers   via: '1.1 varnish',
33 verbose headers   connection: 'keep-alive',
33 verbose headers   'x-served-by': 'cache-lcy1127-LCY',
33 verbose headers   'x-cache': 'MISS',
33 verbose headers   'x-cache-hits': '0',
33 verbose headers   'x-timer': 'S1444312440.404195,VS0,VE1354' }
34 verbose request invalidating /home/philipp/.npm/registry.npmjs.org/logging-factory on PUT
35 error publish Failed PUT 403
36 verbose stack Error: "You cannot publish over the previously published version 0.0.1." : logging-factory
36 verbose stack     at makeError (/usr/lib/node_modules/npm/node_modules/npm-registry-client/lib/request.js:264:12)
36 verbose stack     at CachingRegistryClient.<anonymous> (/usr/lib/node_modules/npm/node_modules/npm-registry-client/lib/request.js:252:14)
36 verbose stack     at Request._callback (/usr/lib/node_modules/npm/node_modules/npm-registry-client/lib/request.js:172:14)
36 verbose stack     at Request.self.callback (/usr/lib/node_modules/npm/node_modules/request/request.js:198:22)
36 verbose stack     at emitTwo (events.js:87:13)
36 verbose stack     at Request.emit (events.js:172:7)
36 verbose stack     at Request.<anonymous> (/usr/lib/node_modules/npm/node_modules/request/request.js:1063:14)
36 verbose stack     at emitOne (events.js:82:20)
36 verbose stack     at Request.emit (events.js:169:7)
36 verbose stack     at IncomingMessage.<anonymous> (/usr/lib/node_modules/npm/node_modules/request/request.js:1009:12)
37 verbose statusCode 403
38 verbose pkgid logging-factory
39 verbose cwd /home/philipp/work/logging-factory
40 error Linux 4.2.2-1-zen
41 error argv "/usr/bin/node" "/usr/bin/npm" "publish"
42 error node v4.1.2
43 error npm  v3.3.5
44 error code E403
45 error "You cannot publish over the previously published version 0.0.1." : logging-factory
46 error If you need help, you may report this error at:
46 error     <https://github.com/npm/npm/issues>
47 verbose exit [ 1, true ]
